{
  "stats": {
    "suites": 9,
    "tests": 35,
    "passes": 32,
    "pending": 3,
    "failures": 0,
    "start": "2026-03-17T18:33:08.309Z",
    "end": "2026-03-17T18:33:17.360Z",
    "duration": 9051,
    "testsRegistered": 35,
    "passPercent": 100,
    "pendingPercent": 8.571428571428571,
    "other": 0,
    "hasOther": false,
    "skipped": 0,
    "hasSkipped": false
  },
  "results": [
    {
      "uuid": "5ee7f19c-e4b7-4b9b-b60f-141394de854f",
      "title": "",
      "fullFile": "",
      "file": "",
      "beforeHooks": [],
      "afterHooks": [],
      "tests": [
        {
          "title": "should be skipped",
          "fullTitle": "should be skipped",
          "timedOut": false,
          "duration": 1,
          "state": "pending",
          "speed": null,
          "pass": false,
          "fail": false,
          "pending": true,
          "context": null,
          "code": "this.skip();",
          "err": {},
          "uuid": "c907c46d-c7c3-4aa3-a91d-743175bf246c",
          "parentUUID": "5ee7f19c-e4b7-4b9b-b60f-141394de854f",
          "isHook": false,
          "skipped": false
        },
        {
          "title": "should be skipped pending2",
          "fullTitle": "should be skipped pending2",
          "timedOut": false,
          "duration": 0,
          "state": "pending",
          "speed": null,
          "pass": false,
          "fail": false,
          "pending": true,
          "context": null,
          "code": "",
          "err": {},
          "uuid": "ae9e3a40-b1de-4542-bd54-d163032eba8e",
          "parentUUID": "5ee7f19c-e4b7-4b9b-b60f-141394de854f",
          "isHook": false,
          "skipped": false
        },
        {
          "title": "should be skipped pending3",
          "fullTitle": "should be skipped pending3",
          "timedOut": false,
          "duration": 0,
          "state": "pending",
          "speed": null,
          "pass": false,
          "fail": false,
          "pending": true,
          "context": null,
          "code": "",
          "err": {},
          "uuid": "b7ef7802-f75f-4ee0-a222-cb023817badb",
          "parentUUID": "5ee7f19c-e4b7-4b9b-b60f-141394de854f",
          "isHook": false,
          "skipped": false
        }
      ],
      "suites": [
        {
          "uuid": "e99bbcd1-884a-4651-a224-6be8ce854d10",
          "title": "Test capitalizeText",
          "fullFile": "C:\\Users\\20128\\Desktop\\ITI4months\\Utest\\Day01\\Task\\test\\index.test.js",
          "file": "\\test\\index.test.js",
          "beforeHooks": [],
          "afterHooks": [],
          "tests": [
            {
              "title": " should take string and return strung",
              "fullTitle": "Test capitalizeText  should take string and return strung",
              "timedOut": false,
              "duration": 0,
              "state": "passed",
              "speed": "fast",
              "pass": true,
              "fail": false,
              "pending": false,
              "context": null,
              "code": "expect(capitalizeText(\"hello\"));\nlet r = capitalizeText(\"hello\");\nexpect(r).to.be.a(\"string\");",
              "err": {},
              "uuid": "6962ef41-1777-4df3-8beb-2400d04bbda3",
              "parentUUID": "e99bbcd1-884a-4651-a224-6be8ce854d10",
              "isHook": false,
              "skipped": false
            },
            {
              "title": " should take string and return strung Capitaliz",
              "fullTitle": "Test capitalizeText  should take string and return strung Capitaliz",
              "timedOut": false,
              "duration": 0,
              "state": "passed",
              "speed": "fast",
              "pass": true,
              "fail": false,
              "pending": false,
              "context": null,
              "code": "let str = \"hello\";\nlet cap = str.toUpperCase();\nlet r = capitalizeText(str);\nexpect(r).to.equal(cap);",
              "err": {},
              "uuid": "11489612-8f79-420d-ba23-3724981e0e2f",
              "parentUUID": "e99bbcd1-884a-4651-a224-6be8ce854d10",
              "isHook": false,
              "skipped": false
            },
            {
              "title": " should take only string else throw error",
              "fullTitle": "Test capitalizeText  should take only string else throw error",
              "timedOut": false,
              "duration": 1,
              "state": "passed",
              "speed": "fast",
              "pass": true,
              "fail": false,
              "pending": false,
              "context": null,
              "code": "let input = 194;\nconst ecpected = \"parameter should be string\";\nexpect(() => capitalizeText(input)).to.throw(ecpected);",
              "err": {},
              "uuid": "c714ba8c-4839-467b-a5dc-8edb8de22074",
              "parentUUID": "e99bbcd1-884a-4651-a224-6be8ce854d10",
              "isHook": false,
              "skipped": false
            },
            {
              "title": " should throw TypeError if input is not string",
              "fullTitle": "Test capitalizeText  should throw TypeError if input is not string",
              "timedOut": false,
              "duration": 0,
              "state": "passed",
              "speed": "fast",
              "pass": true,
              "fail": false,
              "pending": false,
              "context": null,
              "code": "expect(() => capitalizeText(194)).to.throw(\n  TypeError,\n  \"parameter should be string\",\n);",
              "err": {},
              "uuid": "60e30e4f-be9c-416f-9b08-c040c181cb7b",
              "parentUUID": "e99bbcd1-884a-4651-a224-6be8ce854d10",
              "isHook": false,
              "skipped": false
            },
            {
              "title": "Accept only one param",
              "fullTitle": "Test capitalizeText Accept only one param",
              "timedOut": false,
              "duration": 1,
              "state": "passed",
              "speed": "fast",
              "pass": true,
              "fail": false,
              "pending": false,
              "context": null,
              "code": "let expected = \"only one param allowed\";\nexpect(() => capitalizeText(\"a\", \"b\")).to.throw(Error, expected);",
              "err": {},
              "uuid": "910ed558-d624-4149-b86a-eab7abb2fb7e",
              "parentUUID": "e99bbcd1-884a-4651-a224-6be8ce854d10",
              "isHook": false,
              "skipped": false
            }
          ],
          "suites": [],
          "passes": [
            "6962ef41-1777-4df3-8beb-2400d04bbda3",
            "11489612-8f79-420d-ba23-3724981e0e2f",
            "c714ba8c-4839-467b-a5dc-8edb8de22074",
            "60e30e4f-be9c-416f-9b08-c040c181cb7b",
            "910ed558-d624-4149-b86a-eab7abb2fb7e"
          ],
          "failures": [],
          "pending": [],
          "skipped": [],
          "duration": 2,
          "root": false,
          "rootEmpty": false,
          "_timeout": 2000
        },
        {
          "uuid": "956090da-be8e-4e57-b684-87a8c2eb296b",
          "title": "Test createArray",
          "fullFile": "C:\\Users\\20128\\Desktop\\ITI4months\\Utest\\Day01\\Task\\test\\index.test.js",
          "file": "\\test\\index.test.js",
          "beforeHooks": [],
          "afterHooks": [],
          "tests": [
            {
              "title": "function should return array",
              "fullTitle": "Test createArray function should return array",
              "timedOut": false,
              "duration": 0,
              "state": "passed",
              "speed": "fast",
              "pass": true,
              "fail": false,
              "pending": false,
              "context": null,
              "code": "let input = \"123\";\nlet result = createArray(input);\nexpect(result).to.be.an(\"array\");",
              "err": {},
              "uuid": "1f2179fa-e228-4131-8e23-455302169cad",
              "parentUUID": "956090da-be8e-4e57-b684-87a8c2eb296b",
              "isHook": false,
              "skipped": false
            },
            {
              "title": "if we pass 3 it should return array of length 3 and include 1",
              "fullTitle": "Test createArray if we pass 3 it should return array of length 3 and include 1",
              "timedOut": false,
              "duration": 0,
              "state": "passed",
              "speed": "fast",
              "pass": true,
              "fail": false,
              "pending": false,
              "context": null,
              "code": "const result = createArray(3);\nexpect(result).to.have.lengthOf(3);\nexpect(result).to.include(1);",
              "err": {},
              "uuid": "e89f67ef-c6d0-4522-8bac-b8ae95acdfd7",
              "parentUUID": "956090da-be8e-4e57-b684-87a8c2eb296b",
              "isHook": false,
              "skipped": false
            },
            {
              "title": "should work after delay",
              "fullTitle": "Test createArray should work after delay",
              "timedOut": false,
              "duration": 3012,
              "state": "passed",
              "speed": "slow",
              "pass": true,
              "fail": false,
              "pending": false,
              "context": null,
              "code": "this.timeout(5000);\nsetTimeout(() => {\n  const result = createArray(3);\n  expect(result).to.be.an(\"array\");\n  done();\n}, 3000);",
              "err": {},
              "uuid": "b1096599-45c5-4505-8b96-7d36d7fae6a9",
              "parentUUID": "956090da-be8e-4e57-b684-87a8c2eb296b",
              "isHook": false,
              "skipped": false
            }
          ],
          "suites": [],
          "passes": [
            "1f2179fa-e228-4131-8e23-455302169cad",
            "e89f67ef-c6d0-4522-8bac-b8ae95acdfd7",
            "b1096599-45c5-4505-8b96-7d36d7fae6a9"
          ],
          "failures": [],
          "pending": [],
          "skipped": [],
          "duration": 3012,
          "root": false,
          "rootEmpty": false,
          "_timeout": 2000
        },
        {
          "uuid": "80a15f61-8f1a-450e-8b35-9a628d74bc26",
          "title": "Test createArray",
          "fullFile": "C:\\Users\\20128\\Desktop\\ITI4months\\Utest\\Day01\\Task\\test\\index.test.js",
          "file": "\\test\\index.test.js",
          "beforeHooks": [],
          "afterHooks": [],
          "tests": [
            {
              "title": "function should return array",
              "fullTitle": "Test createArray function should return array",
              "timedOut": false,
              "duration": 0,
              "state": "passed",
              "speed": "fast",
              "pass": true,
              "fail": false,
              "pending": false,
              "context": null,
              "code": "let input = \"123\";\nlet result = createArray(input);\nassert.isArray(result);",
              "err": {},
              "uuid": "e65eb4f9-d708-4704-a580-18a00440d0c1",
              "parentUUID": "80a15f61-8f1a-450e-8b35-9a628d74bc26",
              "isHook": false,
              "skipped": false
            },
            {
              "title": "if we pass 3 it should return array of length 3 and include 1",
              "fullTitle": "Test createArray if we pass 3 it should return array of length 3 and include 1",
              "timedOut": false,
              "duration": 0,
              "state": "passed",
              "speed": "fast",
              "pass": true,
              "fail": false,
              "pending": false,
              "context": null,
              "code": "const result = createArray(3);\nassert.lengthOf(result, 3);\nassert.include(result, 1);",
              "err": {},
              "uuid": "cf82990e-a8f6-482e-89cd-5a0abd5e8112",
              "parentUUID": "80a15f61-8f1a-450e-8b35-9a628d74bc26",
              "isHook": false,
              "skipped": false
            },
            {
              "title": "should return array after delay (async/await)",
              "fullTitle": "Test createArray should return array after delay (async/await)",
              "timedOut": false,
              "duration": 3006,
              "state": "passed",
              "speed": "slow",
              "pass": true,
              "fail": false,
              "pending": false,
              "context": null,
              "code": "this.timeout(10000);\nreturn new Promise((resolve) => {\n  setTimeout(resolve, 3000);\n}).then(() => {\n  const result = createArray(3);\n  assert.isArray(result);\n});",
              "err": {},
              "uuid": "d5e4a0e6-c28b-4ad9-a642-cc4263d38403",
              "parentUUID": "80a15f61-8f1a-450e-8b35-9a628d74bc26",
              "isHook": false,
              "skipped": false
            },
            {
              "title": "should work after delay (done)",
              "fullTitle": "Test createArray should work after delay (done)",
              "timedOut": false,
              "duration": 3010,
              "state": "passed",
              "speed": "slow",
              "pass": true,
              "fail": false,
              "pending": false,
              "context": null,
              "code": "this.timeout(10000);\nsetTimeout(() => {\n  const result = createArray(3);\n  assert.isArray(result);\n  done();\n}, 3000);",
              "err": {},
              "uuid": "ddfdd633-7235-4c40-9530-78819e712efd",
              "parentUUID": "80a15f61-8f1a-450e-8b35-9a628d74bc26",
              "isHook": false,
              "skipped": false
            }
          ],
          "suites": [],
          "passes": [
            "e65eb4f9-d708-4704-a580-18a00440d0c1",
            "cf82990e-a8f6-482e-89cd-5a0abd5e8112",
            "d5e4a0e6-c28b-4ad9-a642-cc4263d38403",
            "ddfdd633-7235-4c40-9530-78819e712efd"
          ],
          "failures": [],
          "pending": [],
          "skipped": [],
          "duration": 6016,
          "root": false,
          "rootEmpty": false,
          "_timeout": 2000
        },
        {
          "uuid": "da39af2e-7677-401c-a9a0-2ef08520084e",
          "title": "Object Equality",
          "fullFile": "C:\\Users\\20128\\Desktop\\ITI4months\\Utest\\Day01\\Task\\test\\index.test.js",
          "file": "\\test\\index.test.js",
          "beforeHooks": [],
          "afterHooks": [],
          "tests": [
            {
              "title": "obj1 should deep equal obj2 - expect",
              "fullTitle": "Object Equality obj1 should deep equal obj2 - expect",
              "timedOut": false,
              "duration": 1,
              "state": "passed",
              "speed": "fast",
              "pass": true,
              "fail": false,
              "pending": false,
              "context": null,
              "code": "expect(obj1).to.deep.equal(obj2);",
              "err": {},
              "uuid": "a9d936df-b94f-474e-819a-dfc824f7da1a",
              "parentUUID": "da39af2e-7677-401c-a9a0-2ef08520084e",
              "isHook": false,
              "skipped": false
            },
            {
              "title": "obj1 should deep equal obj2 - should",
              "fullTitle": "Object Equality obj1 should deep equal obj2 - should",
              "timedOut": false,
              "duration": 1,
              "state": "passed",
              "speed": "fast",
              "pass": true,
              "fail": false,
              "pending": false,
              "context": null,
              "code": "obj1.should.deep.equal(obj2);",
              "err": {},
              "uuid": "01a1bd31-1d12-45ac-b05d-4f41c7738a3a",
              "parentUUID": "da39af2e-7677-401c-a9a0-2ef08520084e",
              "isHook": false,
              "skipped": false
            },
            {
              "title": "obj1 should deep equal obj2 - assert",
              "fullTitle": "Object Equality obj1 should deep equal obj2 - assert",
              "timedOut": false,
              "duration": 0,
              "state": "passed",
              "speed": "fast",
              "pass": true,
              "fail": false,
              "pending": false,
              "context": null,
              "code": "assert.deepEqual(obj1, obj2);",
              "err": {},
              "uuid": "5fcd228e-e748-4488-90af-9a577ac2400c",
              "parentUUID": "da39af2e-7677-401c-a9a0-2ef08520084e",
              "isHook": false,
              "skipped": false
            }
          ],
          "suites": [],
          "passes": [
            "a9d936df-b94f-474e-819a-dfc824f7da1a",
            "01a1bd31-1d12-45ac-b05d-4f41c7738a3a",
            "5fcd228e-e748-4488-90af-9a577ac2400c"
          ],
          "failures": [],
          "pending": [],
          "skipped": [],
          "duration": 2,
          "root": false,
          "rootEmpty": false,
          "_timeout": 2000
        },
        {
          "uuid": "d8c11f83-252e-4e02-98ce-4ba44b0d229e",
          "title": "Number mor than 0 CheckPositivity",
          "fullFile": "C:\\Users\\20128\\Desktop\\ITI4months\\Utest\\Day01\\Task\\test\\index.test.js",
          "file": "\\test\\index.test.js",
          "beforeHooks": [],
          "afterHooks": [],
          "tests": [
            {
              "title": "if num == 4 using expect",
              "fullTitle": "Number mor than 0 CheckPositivity if num == 4 using expect",
              "timedOut": false,
              "duration": 0,
              "state": "passed",
              "speed": "fast",
              "pass": true,
              "fail": false,
              "pending": false,
              "context": null,
              "code": "let n = 4;\nlet expected = true;\nlet output = CheckPositivity(n);\nexpect(output).to.equal(expected)",
              "err": {},
              "uuid": "a2b32f48-370d-412c-8767-c20c44825e02",
              "parentUUID": "d8c11f83-252e-4e02-98ce-4ba44b0d229e",
              "isHook": false,
              "skipped": false
            },
            {
              "title": "if num==4 using sholud ",
              "fullTitle": "Number mor than 0 CheckPositivity if num==4 using sholud ",
              "timedOut": false,
              "duration": 0,
              "state": "passed",
              "speed": "fast",
              "pass": true,
              "fail": false,
              "pending": false,
              "context": null,
              "code": "let n = 4;\nlet expected = true;\nlet output = CheckPositivity(n);\noutput.should.to.equal(expected);",
              "err": {},
              "uuid": "9c378106-b237-4854-8854-f145b15e5383",
              "parentUUID": "d8c11f83-252e-4e02-98ce-4ba44b0d229e",
              "isHook": false,
              "skipped": false
            },
            {
              "title": "if num==4 using assert ",
              "fullTitle": "Number mor than 0 CheckPositivity if num==4 using assert ",
              "timedOut": false,
              "duration": 0,
              "state": "passed",
              "speed": "fast",
              "pass": true,
              "fail": false,
              "pending": false,
              "context": null,
              "code": "let n = 4;\nlet expected = true;\nlet output = CheckPositivity(n);\nassert.equal(output, expected)",
              "err": {},
              "uuid": "e653bede-b1fb-48c7-a500-e35f498aedf6",
              "parentUUID": "d8c11f83-252e-4e02-98ce-4ba44b0d229e",
              "isHook": false,
              "skipped": false
            }
          ],
          "suites": [],
          "passes": [
            "a2b32f48-370d-412c-8767-c20c44825e02",
            "9c378106-b237-4854-8854-f145b15e5383",
            "e653bede-b1fb-48c7-a500-e35f498aedf6"
          ],
          "failures": [],
          "pending": [],
          "skipped": [],
          "duration": 0,
          "root": false,
          "rootEmpty": false,
          "_timeout": 2000
        },
        {
          "uuid": "b4f73020-da66-409f-801c-24d49128bfc0",
          "title": "x = -1 and x=0  CheckPositivity",
          "fullFile": "C:\\Users\\20128\\Desktop\\ITI4months\\Utest\\Day01\\Task\\test\\index.test.js",
          "file": "\\test\\index.test.js",
          "beforeHooks": [],
          "afterHooks": [],
          "tests": [
            {
              "title": "-1 and 0 with expectt",
              "fullTitle": "x = -1 and x=0  CheckPositivity -1 and 0 with expectt",
              "timedOut": false,
              "duration": 0,
              "state": "passed",
              "speed": "fast",
              "pass": true,
              "fail": false,
              "pending": false,
              "context": null,
              "code": "expect(out1).to.equal(expected);\nexpect(out2).to.equal(expected);",
              "err": {},
              "uuid": "9dc067b5-0512-4f11-9f65-85faa94f56f2",
              "parentUUID": "b4f73020-da66-409f-801c-24d49128bfc0",
              "isHook": false,
              "skipped": false
            },
            {
              "title": "-1 and 0 with should",
              "fullTitle": "x = -1 and x=0  CheckPositivity -1 and 0 with should",
              "timedOut": false,
              "duration": 0,
              "state": "passed",
              "speed": "fast",
              "pass": true,
              "fail": false,
              "pending": false,
              "context": null,
              "code": "out1.should.to.equal(expected);\nout2.should.to.equal(expected);",
              "err": {},
              "uuid": "c434435c-143a-4a4b-9ca7-615a5542d968",
              "parentUUID": "b4f73020-da66-409f-801c-24d49128bfc0",
              "isHook": false,
              "skipped": false
            },
            {
              "title": "-1 and 0 with assert",
              "fullTitle": "x = -1 and x=0  CheckPositivity -1 and 0 with assert",
              "timedOut": false,
              "duration": 0,
              "state": "passed",
              "speed": "fast",
              "pass": true,
              "fail": false,
              "pending": false,
              "context": null,
              "code": "assert.strictEqual(out2, out1);\n        //   assert.isFalse(out1);\n        // assert.equal(out1, expected);\n        // assert.equal(out2, expected);",
              "err": {},
              "uuid": "d416584a-22d0-481a-80af-395bbe616529",
              "parentUUID": "b4f73020-da66-409f-801c-24d49128bfc0",
              "isHook": false,
              "skipped": false
            }
          ],
          "suites": [],
          "passes": [
            "9dc067b5-0512-4f11-9f65-85faa94f56f2",
            "c434435c-143a-4a4b-9ca7-615a5542d968",
            "d416584a-22d0-481a-80af-395bbe616529"
          ],
          "failures": [],
          "pending": [],
          "skipped": [],
          "duration": 0,
          "root": false,
          "rootEmpty": false,
          "_timeout": 2000
        },
        {
          "uuid": "efe8ebec-e63e-4cbf-a576-2903e9b48767",
          "title": "MathUtils task",
          "fullFile": "C:\\Users\\20128\\Desktop\\ITI4months\\Utest\\Day01\\Task\\test\\index.test.js",
          "file": "\\test\\index.test.js",
          "beforeHooks": [],
          "afterHooks": [],
          "tests": [
            {
              "title": "should respond to sub (static)",
              "fullTitle": "MathUtils task should respond to sub (static)",
              "timedOut": false,
              "duration": 0,
              "state": "passed",
              "speed": "fast",
              "pass": true,
              "fail": false,
              "pending": false,
              "context": null,
              "code": "expect(MathUtils).itself.respondTo(\"sub\");",
              "err": {},
              "uuid": "c23d30e6-4c4b-4394-86c7-b8ede5410316",
              "parentUUID": "efe8ebec-e63e-4cbf-a576-2903e9b48767",
              "isHook": false,
              "skipped": false
            },
            {
              "title": "should respond to sum (prototype)",
              "fullTitle": "MathUtils task should respond to sum (prototype)",
              "timedOut": false,
              "duration": 0,
              "state": "passed",
              "speed": "fast",
              "pass": true,
              "fail": false,
              "pending": false,
              "context": null,
              "code": "const obj = new MathUtils();\nexpect(obj).to.respondTo(\"sum\");",
              "err": {},
              "uuid": "c8e4b8cd-fa51-4173-a771-ed05095c1ca6",
              "parentUUID": "efe8ebec-e63e-4cbf-a576-2903e9b48767",
              "isHook": false,
              "skipped": false
            },
            {
              "title": "is x instance of MathUtils ",
              "fullTitle": "MathUtils task is x instance of MathUtils ",
              "timedOut": false,
              "duration": 1,
              "state": "passed",
              "speed": "fast",
              "pass": true,
              "fail": false,
              "pending": false,
              "context": null,
              "code": "const instanc = new MathUtils();\nexpect(instanc).instanceOf(MathUtils);",
              "err": {},
              "uuid": "6538e541-8702-4914-8f73-1a5f035e40ca",
              "parentUUID": "efe8ebec-e63e-4cbf-a576-2903e9b48767",
              "isHook": false,
              "skipped": false
            },
            {
              "title": "should create instance from MathUtils using assert",
              "fullTitle": "MathUtils task should create instance from MathUtils using assert",
              "timedOut": false,
              "duration": 0,
              "state": "passed",
              "speed": "fast",
              "pass": true,
              "fail": false,
              "pending": false,
              "context": null,
              "code": "const obj = new MathUtils();\nassert.instanceOf(obj, MathUtils);",
              "err": {},
              "uuid": "64077ed2-424e-4f6a-a798-3fb56f32de10",
              "parentUUID": "efe8ebec-e63e-4cbf-a576-2903e9b48767",
              "isHook": false,
              "skipped": false
            },
            {
              "title": "Should parameters is numbers type",
              "fullTitle": "MathUtils task Should parameters is numbers type",
              "timedOut": false,
              "duration": 0,
              "state": "passed",
              "speed": "fast",
              "pass": true,
              "fail": false,
              "pending": false,
              "context": null,
              "code": "let n1 = 1;\nlet n2 = 2;\n       \n       \nexpect(n1).to.be.a(\"number\");\nassert.typeOf(n2, \"number\");",
              "err": {},
              "uuid": "2b853082-4b3d-405a-8a5c-f4c160d71b62",
              "parentUUID": "efe8ebec-e63e-4cbf-a576-2903e9b48767",
              "isHook": false,
              "skipped": false
            },
            {
              "title": "Should parameters length =2  sub  static method",
              "fullTitle": "MathUtils task Should parameters length =2  sub  static method",
              "timedOut": false,
              "duration": 0,
              "state": "passed",
              "speed": "fast",
              "pass": true,
              "fail": false,
              "pending": false,
              "context": null,
              "code": "assert.lengthOf(MathUtils.sub, 2);",
              "err": {},
              "uuid": "10fc8f48-db15-4e39-b7ec-232f9839e830",
              "parentUUID": "efe8ebec-e63e-4cbf-a576-2903e9b48767",
              "isHook": false,
              "skipped": false
            },
            {
              "title": "Should parameters length =2  sum prototype method",
              "fullTitle": "MathUtils task Should parameters length =2  sum prototype method",
              "timedOut": false,
              "duration": 0,
              "state": "passed",
              "speed": "fast",
              "pass": true,
              "fail": false,
              "pending": false,
              "context": null,
              "code": "let obj = new MathUtils();\n        assert.lengthOf(obj.sum, 2);",
              "err": {},
              "uuid": "cc826208-aedd-49b0-9c1f-271aa7c79e2e",
              "parentUUID": "efe8ebec-e63e-4cbf-a576-2903e9b48767",
              "isHook": false,
              "skipped": false
            },
            {
              "title": "Should parameters length =2  sum prototype method using excepr",
              "fullTitle": "MathUtils task Should parameters length =2  sum prototype method using excepr",
              "timedOut": false,
              "duration": 0,
              "state": "passed",
              "speed": "fast",
              "pass": true,
              "fail": false,
              "pending": false,
              "context": null,
              "code": "let obj = new MathUtils();\n       expect(obj.sum.length).to.equal(2);",
              "err": {},
              "uuid": "1657587b-5b83-409f-b492-ee28af9c97fb",
              "parentUUID": "efe8ebec-e63e-4cbf-a576-2903e9b48767",
              "isHook": false,
              "skipped": false
            }
          ],
          "suites": [],
          "passes": [
            "c23d30e6-4c4b-4394-86c7-b8ede5410316",
            "c8e4b8cd-fa51-4173-a771-ed05095c1ca6",
            "6538e541-8702-4914-8f73-1a5f035e40ca",
            "64077ed2-424e-4f6a-a798-3fb56f32de10",
            "2b853082-4b3d-405a-8a5c-f4c160d71b62",
            "10fc8f48-db15-4e39-b7ec-232f9839e830",
            "cc826208-aedd-49b0-9c1f-271aa7c79e2e",
            "1657587b-5b83-409f-b492-ee28af9c97fb"
          ],
          "failures": [],
          "pending": [],
          "skipped": [],
          "duration": 1,
          "root": false,
          "rootEmpty": false,
          "_timeout": 2000
        },
        {
          "uuid": "637bdba5-212a-41ed-ac17-beabc40f1409",
          "title": "Test Mult function using assert",
          "fullFile": "C:\\Users\\20128\\Desktop\\ITI4months\\Utest\\Day01\\Task\\test\\index.test.js",
          "file": "\\test\\index.test.js",
          "beforeHooks": [],
          "afterHooks": [],
          "tests": [
            {
              "title": "should throw error when n <= 0",
              "fullTitle": "Test Mult function using assert should throw error when n <= 0",
              "timedOut": false,
              "duration": 0,
              "state": "passed",
              "speed": "fast",
              "pass": true,
              "fail": false,
              "pending": false,
              "context": null,
              "code": "assert.throws(\n  () => {\n    Mult(0);\n  },\n  Error,\n  \"must number more than 0\",\n);",
              "err": {},
              "uuid": "59206d69-3723-4fb5-95b2-50c6a7254e16",
              "parentUUID": "637bdba5-212a-41ed-ac17-beabc40f1409",
              "isHook": false,
              "skipped": false
            },
            {
              "title": "Should return number abouve zero",
              "fullTitle": "Test Mult function using assert Should return number abouve zero",
              "timedOut": false,
              "duration": 0,
              "state": "passed",
              "speed": "fast",
              "pass": true,
              "fail": false,
              "pending": false,
              "context": null,
              "code": "let n = 1;\nlet out = Mult(n);\nlet excpected = 2;\nassert.strictEqual(out, excpected);",
              "err": {},
              "uuid": "42d8a65f-018e-4041-bff7-557ab8acfd66",
              "parentUUID": "637bdba5-212a-41ed-ac17-beabc40f1409",
              "isHook": false,
              "skipped": false
            }
          ],
          "suites": [],
          "passes": [
            "59206d69-3723-4fb5-95b2-50c6a7254e16",
            "42d8a65f-018e-4041-bff7-557ab8acfd66"
          ],
          "failures": [],
          "pending": [],
          "skipped": [],
          "duration": 0,
          "root": false,
          "rootEmpty": false,
          "_timeout": 2000
        },
        {
          "uuid": "c3719775-f2fb-4fc7-ac9a-9defb2f3deeb",
          "title": "Nested ",
          "fullFile": "C:\\Users\\20128\\Desktop\\ITI4months\\Utest\\Day01\\Task\\test\\index.test.js",
          "file": "\\test\\index.test.js",
          "beforeHooks": [],
          "afterHooks": [],
          "tests": [
            {
              "title": "using assert check 'a.b[0]' will include {x: 1}",
              "fullTitle": "Nested  using assert check 'a.b[0]' will include {x: 1}",
              "timedOut": false,
              "duration": 0,
              "state": "passed",
              "speed": "fast",
              "pass": true,
              "fail": false,
              "pending": false,
              "context": null,
              "code": "let nstd = obj3.a.b[0];\n       \n       assert.propertyVal(nstd, \"x\", 1);",
              "err": {},
              "uuid": "88e57031-6b8c-45c0-a002-e1311f9557fb",
              "parentUUID": "c3719775-f2fb-4fc7-ac9a-9defb2f3deeb",
              "isHook": false,
              "skipped": false
            }
          ],
          "suites": [],
          "passes": [
            "88e57031-6b8c-45c0-a002-e1311f9557fb"
          ],
          "failures": [],
          "pending": [],
          "skipped": [],
          "duration": 0,
          "root": false,
          "rootEmpty": false,
          "_timeout": 2000
        }
      ],
      "passes": [],
      "failures": [],
      "pending": [
        "c907c46d-c7c3-4aa3-a91d-743175bf246c",
        "ae9e3a40-b1de-4542-bd54-d163032eba8e",
        "b7ef7802-f75f-4ee0-a222-cb023817badb"
      ],
      "skipped": [],
      "duration": 1,
      "root": true,
      "rootEmpty": false,
      "_timeout": 2000
    }
  ],
  "meta": {
    "mocha": {
      "version": "11.7.5"
    },
    "mochawesome": {
      "options": {
        "quiet": false,
        "reportFilename": "TestReport",
        "saveHtml": true,
        "saveJson": true,
        "consoleReporter": "spec",
        "useInlineDiffs": false,
        "code": true
      },
      "version": "7.1.4"
    },
    "marge": {
      "options": {
        "reportDir": "reports",
        "reportFilename": "TestReport",
        "overwrite": "true",
        "html": "true",
        "json": "true"
      },
      "version": "6.3.2"
    }
  }
}